cl : command line warning D9035: option 'Gm' has been deprecated and will be removed in a future release
  strfuncs.c
  slapack_lite.c
D:\OtherProjects\LipSync\SpeechAlignment\Sphinx\sphinxbase\src\libsphinxbase\util\slapack_lite.c(1041,33): warning C4244: '=': conversion from 'doublereal' to 'real', possible loss of data
D:\OtherProjects\LipSync\SpeechAlignment\Sphinx\sphinxbase\src\libsphinxbase\util\slapack_lite.c(1046,21): warning C4244: '=': conversion from 'double' to 'real', possible loss of data
D:\OtherProjects\LipSync\SpeechAlignment\Sphinx\sphinxbase\src\libsphinxbase\util\slapack_lite.c(1074,22): warning C4244: '=': conversion from 'doublereal' to 'real', possible loss of data
D:\OtherProjects\LipSync\SpeechAlignment\Sphinx\sphinxbase\src\libsphinxbase\util\slapack_lite.c(1079,21): warning C4244: '=': conversion from 'double' to 'real', possible loss of data
  slamch.c
  sbthread.c
  profile.c
  priority_queue.c
  pio.c
  mmio.c
  matrix.c
D:\OtherProjects\LipSync\SpeechAlignment\Sphinx\sphinxbase\src\libsphinxbase\util\matrix.c(71,20): warning C4244: '*=': conversion from 'float64' to 'float32', possible loss of data
  logmath.c
  listelem_alloc.c
  heap.c
  hash_table.c
  glist.c
  genrand.c
  filename.c
  f2c_lite.c
  err.c
  dtoa.c
  cmd_ln.c
D:\OtherProjects\LipSync\SpeechAlignment\Sphinx\sphinxbase\src\libsphinxbase\util\cmd_ln.c(152,14): warning C4090: 'function': different 'const' qualifiers
D:\OtherProjects\LipSync\SpeechAlignment\Sphinx\sphinxbase\src\libsphinxbase\util\cmd_ln.c(333,17): warning C4090: 'function': different 'const' qualifiers
  Generating Code...
  Compiling...
  ckd_alloc.c
  case.c
  blas_lite.c
  bitvec.c
  bitarr.c
  bio.c
  ngram_model_trie.c
  ngram_model_set.c
  ngram_model.c
D:\OtherProjects\LipSync\SpeechAlignment\Sphinx\sphinxbase\src\libsphinxbase\lm\ngram_model.c(980,44): warning C4244: '=': conversion from 'double' to 'float32', possible loss of data
  lm_trie_quant.c
  lm_trie.c
D:\OtherProjects\LipSync\SpeechAlignment\Sphinx\sphinxbase\src\libsphinxbase\lm\lm_trie.c(213,27): warning C4018: '<': signed/unsigned mismatch
D:\OtherProjects\LipSync\SpeechAlignment\Sphinx\sphinxbase\src\libsphinxbase\lm\lm_trie.c(295,27): warning C4018: '<': signed/unsigned mismatch
D:\OtherProjects\LipSync\SpeechAlignment\Sphinx\sphinxbase\src\libsphinxbase\lm\lm_trie.c(300,35): warning C4018: '<': signed/unsigned mismatch
  ngrams_raw.c
D:\OtherProjects\LipSync\SpeechAlignment\Sphinx\sphinxbase\src\libsphinxbase\lm\ngrams_raw.c(56,20): warning C4018: '<': signed/unsigned mismatch
D:\OtherProjects\LipSync\SpeechAlignment\Sphinx\sphinxbase\src\libsphinxbase\lm\ngrams_raw.c(56,42): warning C4018: '<': signed/unsigned mismatch
D:\OtherProjects\LipSync\SpeechAlignment\Sphinx\sphinxbase\src\libsphinxbase\lm\ngrams_raw.c(99,42): warning C4244: '=': conversion from 'double' to 'float32', possible loss of data
D:\OtherProjects\LipSync\SpeechAlignment\Sphinx\sphinxbase\src\libsphinxbase\lm\ngrams_raw.c(110,33): warning C4244: '=': conversion from 'double' to 'float', possible loss of data
D:\OtherProjects\LipSync\SpeechAlignment\Sphinx\sphinxbase\src\libsphinxbase\lm\ngrams_raw.c(124,46): warning C4244: '=': conversion from 'double' to 'float', possible loss of data
  jsgf_scanner.c
jsgf_scanner.c(927,23): warning C4018: '<': signed/unsigned mismatch
_jsgf_scanner.l(84,36): warning C4244: '=': conversion from 'double' to 'float', possible loss of data
jsgf_scanner.c(1300,1): warning C4018: '<': signed/unsigned mismatch
jsgf_scanner.c(1829,17): warning C4018: '<': signed/unsigned mismatch
  jsgf_parser.c
  jsgf.c
  fsg_model.c
D:\OtherProjects\LipSync\SpeechAlignment\Sphinx\sphinxbase\src\libsphinxbase\lm\fsg_model.c(663,35): warning C4244: '=': conversion from 'double' to 'float32', possible loss of data
D:\OtherProjects\LipSync\SpeechAlignment\Sphinx\sphinxbase\src\libsphinxbase\lm\fsg_model.c(866,71): warning C4244: 'function': conversion from 'float32' to 'int', possible loss of data
  yin.c
  fixlog.c
  fe_warp_piecewise_linear.c
  fe_warp_inverse_linear.c
  Generating Code...
  Compiling...
  fe_warp.c
  fe_warp_affine.c
  fe_sigproc.c
  fe_prespch_buf.c
  fe_noise.c
  fe_interface.c
D:\OtherProjects\LipSync\SpeechAlignment\Sphinx\sphinxbase\src\libsphinxbase\fe\fe_interface.c(471,52): warning C4267: '+=': conversion from 'size_t' to 'int16', possible loss of data
  lda.c
  feat.c
D:\OtherProjects\LipSync\SpeechAlignment\Sphinx\sphinxbase\src\libsphinxbase\feat\feat.c(370,5): warning C4018: '>=': signed/unsigned mismatch
D:\OtherProjects\LipSync\SpeechAlignment\Sphinx\sphinxbase\src\libsphinxbase\feat\feat.c(404,5): warning C4018: '>=': signed/unsigned mismatch
D:\OtherProjects\LipSync\SpeechAlignment\Sphinx\sphinxbase\src\libsphinxbase\feat\feat.c(820,23): warning C4018: '<': signed/unsigned mismatch
D:\OtherProjects\LipSync\SpeechAlignment\Sphinx\sphinxbase\src\libsphinxbase\feat\feat.c(900,19): warning C4018: '<': signed/unsigned mismatch
D:\OtherProjects\LipSync\SpeechAlignment\Sphinx\sphinxbase\src\libsphinxbase\feat\feat.c(903,23): warning C4018: '<': signed/unsigned mismatch
  cmn_live.c
  cmn.c
  agc.c
  ad_win32.c
  Generating Code...
     Creating library ../../bin/Debug/Win32/sphinxbase.lib and object ../../bin/Debug/Win32/sphinxbase.exp
  sphinxbase.vcxproj -> D:\OtherProjects\LipSync\SpeechAlignment\Sphinx\sphinxbase\\bin\Debug\Win32\sphinxbase.dll
